Flutter crash report; please file at https://github.com/flutter/flutter/issues.

## command

flutter build bundle --suppress-analytics --target E:\AndroidProjects\mine_sweeper\lib\main.dart --preview-dart-2 --filesystem-scheme org-dartlang-root --depfile E:\AndroidProjects\mine_sweeper\build\app\intermediates\flutter\debug/snapshot_blob.bin.d --asset-dir E:\AndroidProjects\mine_sweeper\build\app\intermediates\flutter\debug/flutter_assets

## exception

FileSystemException: FileSystemException: Deletion failed, path = 'E:\EducationDrive\Flutter\flutter\bin\cache\artifacts\engine' (OS Error: The system cannot find the file specified.
, errno = 2)

```
#0      _Directory._deleteSync (dart:io/directory_impl.dart:174)
#1      FileSystemEntity.deleteSync (dart:io/file_system_entity.dart:463)
#2      ForwardingFileSystemEntity.deleteSync (package:file/src/forwarding/forwarding_file_system_entity.dart:72)
#3      CachedArtifact.update (package:flutter_tools/src/cache.dart:243)
<asynchronous suspension>
#4      Cache.updateAll (package:flutter_tools/src/cache.dart:201)
<asynchronous suspension>
#5      FlutterCommand.verifyThenRunCommand (package:flutter_tools/src/runner/flutter_command.dart:328)
<asynchronous suspension>
#6      FlutterCommand.run.<anonymous closure> (package:flutter_tools/src/runner/flutter_command.dart:279)
<asynchronous suspension>
#7      AppContext.run.<anonymous closure> (package:flutter_tools/src/base/context.dart:142)
<asynchronous suspension>
#8      _rootRun (dart:async/zone.dart:1126)
#9      _CustomZone.run (dart:async/zone.dart:1023)
#10     runZoned (dart:async/zone.dart:1501)
#11     AppContext.run (package:flutter_tools/src/base/context.dart:141)
<asynchronous suspension>
#12     FlutterCommand.run (package:flutter_tools/src/runner/flutter_command.dart:270)
#13     CommandRunner.runCommand (package:args/command_runner.dart:194)
<asynchronous suspension>
#14     FlutterCommandRunner.runCommand.<anonymous closure> (package:flutter_tools/src/runner/flutter_command_runner.dart:309)
<asynchronous suspension>
#15     AppContext.run.<anonymous closure> (package:flutter_tools/src/base/context.dart:142)
<asynchronous suspension>
#16     _rootRun (dart:async/zone.dart:1126)
#17     _CustomZone.run (dart:async/zone.dart:1023)
#18     runZoned (dart:async/zone.dart:1501)
#19     AppContext.run (package:flutter_tools/src/base/context.dart:141)
<asynchronous suspension>
#20     FlutterCommandRunner.runCommand (package:flutter_tools/src/runner/flutter_command_runner.dart:265)
<asynchronous suspension>
#21     CommandRunner.run.<anonymous closure> (package:args/command_runner.dart:109)
#22     new Future.sync (dart:async/future.dart:222)
#23     CommandRunner.run (package:args/command_runner.dart:109)
#24     FlutterCommandRunner.run (package:flutter_tools/src/runner/flutter_command_runner.dart:174)
#25     run.<anonymous closure> (package:flutter_tools/runner.dart:54)
<asynchronous suspension>
#26     AppContext.run.<anonymous closure> (package:flutter_tools/src/base/context.dart:142)
<asynchronous suspension>
#27     _rootRun (dart:async/zone.dart:1126)
#28     _CustomZone.run (dart:async/zone.dart:1023)
#29     runZoned (dart:async/zone.dart:1501)
#30     AppContext.run (package:flutter_tools/src/base/context.dart:141)
<asynchronous suspension>
#31     runInContext (package:flutter_tools/src/context_runner.dart:43)
<asynchronous suspension>
#32     run (package:flutter_tools/runner.dart:49)
#33     main (package:flutter_tools/executable.dart:49)
<asynchronous suspension>
#34     main (file:///E:/EducationDrive/Flutter/flutter/packages/flutter_tools/bin/flutter_tools.dart:8)
#35     _startIsolate.<anonymous closure> (dart:isolate-patch/dart:isolate/isolate_patch.dart:277)
#36     _RawReceivePortImpl._handleMessage (dart:isolate-patch/dart:isolate/isolate_patch.dart:165)
```

## flutter doctor

```
[!] Flutter (Channel beta, v0.4.4, on Microsoft Windows [Version 10.0.16299.431], locale en-IN)
    • Flutter version 0.4.4 at E:\EducationDrive\Flutter\flutter
    • Framework revision f9bb4289e9 (12 days ago), 2018-05-11 21:44:54 -0700
    • Engine revision 06afdfe54e
    • Dart version 2.0.0-dev.54.0.flutter-46ab040e58
    ✗ Downloaded executables cannot execute on host.
      See https://github.com/flutter/flutter/issues/6207 for more information
      

[!] Android toolchain - develop for Android devices (Android SDK 27.0.3)
    • Android SDK at C:\Users\VinothgopiGRaj\AppData\Local\Android\sdk
    • Android NDK location not configured (optional; useful for native profiling support)
    • Platform android-27, build-tools 27.0.3
    • Java binary at: C:\Program Files\Android\Android Studio\jre\bin\java
    • Java version OpenJDK Runtime Environment (build 1.8.0_152-release-1024-b02)
    ✗ Android license status unknown.

[✓] Android Studio (version 3.1)
    • Android Studio at C:\Program Files\Android\Android Studio
    • Flutter plugin version 24.2.1
    • Dart plugin version 173.4700
    • Java version OpenJDK Runtime Environment (build 1.8.0_152-release-1024-b02)

[✓] IntelliJ IDEA Community Edition (version 2017.2)
    • IntelliJ at C:\Program Files\JetBrains\IntelliJ IDEA Community Edition 2017.2.6
    • Flutter plugin version 21.2.2
    • Dart plugin version 172.4343.25

[✓] VS Code, 64-bit edition (version 1.22.2)
    • VS Code at C:\Program Files\Microsoft VS Code
    • Dart Code extension version 2.12.1

[!] Connected devices
    ! No devices available

! Doctor found issues in 3 categories.
```
